Log file open, 10/03/17 20:14:27
LogWindows: Failed to load 'aqProf.dll' (GetLastError=126)
LogWindows: File 'aqProf.dll' does not exist
LogWindows: Failed to load 'VSPerf140.dll' (GetLastError=126)
LogWindows: File 'VSPerf140.dll' does not exist
LogWindows: Failed to load 'VtuneApi.dll' (GetLastError=126)
LogWindows: File 'VtuneApi.dll' does not exist
LogWindows: Failed to load 'VtuneApi32e.dll' (GetLastError=126)
LogWindows: File 'VtuneApi32e.dll' does not exist
LogInit: Display: Running engine for game: Project_Escape_room
LogPlatformFile: Not using cached read wrapper
LogInit: Display: RandInit(-203039496) SRandInit(-203039496).
LogTaskGraph: Started task graph with 5 named threads and 14 total threads with 3 sets of task threads.
LogStats: Stats thread started at 0.142954
LogD3D11RHI: Aftermath initialized
LogPluginManager: Mounting plugin Paper2D
LogPluginManager: Mounting plugin LightPropagationVolume
LogPluginManager: Mounting plugin CodeLiteSourceCodeAccess
LogPluginManager: Mounting plugin GitSourceControl
LogPluginManager: Mounting plugin KDevelopSourceCodeAccess
LogPluginManager: Mounting plugin NullSourceCodeAccess
LogPluginManager: Mounting plugin PerforceSourceControl
LogPluginManager: Mounting plugin SubversionSourceControl
LogPluginManager: Mounting plugin UObjectPlugin
LogPluginManager: Mounting plugin VisualStudioSourceCodeAccess
LogPluginManager: Mounting plugin XCodeSourceCodeAccess
LogPluginManager: Mounting plugin AssetManagerEditor
LogPluginManager: Mounting plugin AudioCapture
LogPluginManager: Mounting plugin FacialAnimation
LogPluginManager: Mounting plugin GameplayTagsEditor
LogPluginManager: Mounting plugin MobileLauncherProfileWizard
LogPluginManager: Mounting plugin PluginBrowser
LogPluginManager: Mounting plugin SpeedTreeImporter
LogPluginManager: Mounting plugin AlembicImporter
LogPluginManager: Mounting plugin CharacterAI
LogPluginManager: Mounting plugin HTML5Networking
LogPluginManager: Mounting plugin AndroidMedia
LogPluginManager: Mounting plugin AvfMedia
LogPluginManager: Mounting plugin MediaPlayerEditor
LogPluginManager: Mounting plugin WmfMedia
LogPluginManager: Mounting plugin TcpMessaging
LogPluginManager: Mounting plugin UdpMessaging
LogPluginManager: Mounting plugin LevelSequenceEditor
LogPluginManager: Mounting plugin MatineeToLevelSequence
LogPluginManager: Mounting plugin OnlineSubsystemGooglePlay
LogPluginManager: Mounting plugin OnlineSubsystemIOS
LogPluginManager: Mounting plugin OnlineSubsystem
LogPluginManager: Mounting plugin OnlineSubsystemNull
LogPluginManager: Mounting plugin OnlineSubsystemUtils
LogPluginManager: Mounting plugin AndroidDeviceProfileSelector
LogPluginManager: Mounting plugin AndroidMoviePlayer
LogPluginManager: Mounting plugin AndroidPermission
LogPluginManager: Mounting plugin AppleMoviePlayer
LogPluginManager: Mounting plugin ArchVisCharacter
LogPluginManager: Mounting plugin CableComponent
LogPluginManager: Mounting plugin CustomMeshComponent
LogPluginManager: Mounting plugin ExampleDeviceProfileSelector
LogPluginManager: Mounting plugin GoogleCloudMessaging
LogPluginManager: Mounting plugin ImmediatePhysics
LogPluginManager: Mounting plugin IOSDeviceProfileSelector
LogPluginManager: Mounting plugin LinuxDeviceProfileSelector
LogPluginManager: Mounting plugin LocationServicesBPLibrary
LogPluginManager: Mounting plugin MobilePatchingUtils
LogPluginManager: Mounting plugin OculusVR
LogPluginManager: Mounting plugin PhysXVehicles
LogPluginManager: Mounting plugin ProceduralMeshComponent
LogPluginManager: Mounting plugin RuntimePhysXCooking
LogPluginManager: Mounting plugin SteamVR
LogPluginManager: Mounting plugin WindowsMoviePlayer
LogInit: Using libcurl 7.47.1
LogInit:  - built for x86_64-pc-win32
LogInit:  - supports SSL with OpenSSL/1.0.2g
LogInit:  - supports HTTP deflate (compression) using libz 1.2.8
LogInit:  - other features:
LogInit:      CURL_VERSION_SSL
LogInit:      CURL_VERSION_LIBZ
LogInit:      CURL_VERSION_IPV6
LogInit:      CURL_VERSION_ASYNCHDNS
LogInit:      CURL_VERSION_LARGEFILE
LogInit:      CURL_VERSION_IDN
LogInit:  CurlRequestOptions (configurable via config and command line):
LogInit:  - bVerifyPeer = false  - Libcurl will NOT verify peer certificate
LogInit:  - bUseHttpProxy = false  - Libcurl will NOT use HTTP proxy
LogInit:  - bDontReuseConnections = false  - Libcurl will reuse connections
LogInit:  - CertBundlePath = nullptr  - Libcurl will use whatever was configured at build time.
LogInit: Build: ++UE4+Release-4.17-CL-3658906
LogInit: Engine Version: 4.17.2-3658906+++UE4+Release-4.17
LogInit: Compatible Engine Version: 4.17.0-3573198+++UE4+Release-4.17
LogInit: Net CL: 3573198
LogDevObjectVersion: Number of dev versions registered: 16
LogDevObjectVersion:   Dev-Blueprints (B0D832E4-1F89-4F0D-ACCF-7EB736FD4AA2): 10
LogDevObjectVersion:   Dev-Build (E1C64328-A22C-4D53-A36C-8E866417BD8C): 0
LogDevObjectVersion:   Dev-Core (375EC13C-06E4-48FB-B500-84F0262A717E): 2
LogDevObjectVersion:   Dev-Editor (E4B068ED-F494-42E9-A231-DA0B2E46BB41): 20
LogDevObjectVersion:   Dev-Framework (CFFC743F-43B0-4480-9391-14DF171D2073): 28
LogDevObjectVersion:   Dev-Mobile (B02B49B5-BB20-44E9-A304-32B752E40360): 0
LogDevObjectVersion:   Dev-Networking (A4E4105C-59A1-49B5-A7C5-40C4547EDFEE): 0
LogDevObjectVersion:   Dev-Online (39C831C9-5AE6-47DC-9A44-9C173E1C8E7C): 0
LogDevObjectVersion:   Dev-Physics (78F01B33-EBEA-4F98-B9B4-84EACCB95AA2): 0
LogDevObjectVersion:   Dev-Platform (6631380F-2D4D-43E0-8009-CF276956A95A): 0
LogDevObjectVersion:   Dev-Rendering (12F88B9F-8875-4AFC-A67C-D90C383ABD29): 19
LogDevObjectVersion:   Dev-Sequencer (7B5AE74C-D270-4C10-A958-57980B212A5A): 4
LogDevObjectVersion:   Dev-VR (D7296918-1DD6-4BDD-9DE2-64A83CC13884): 0
LogDevObjectVersion:   Dev-LoadTimes (C2A15278-BFE7-4AFE-6C17-90FF531DF755): 1
LogDevObjectVersion:   Private-Geometry (6EACA3D4-40EC-4CC1-B786-8BED09428FC5): 1
LogDevObjectVersion:   Dev-AnimPhys (29E575DD-E0A3-4627-9D10-D276232CDCEA): 7
LogInit: Compiled (64-bit): Sep 22 2017 13:47:16
LogInit: Compiled with Visual C++: 19.00.24215.01
LogInit: Build Configuration: Development
LogInit: Branch Name: ++UE4+Release-4.17
LogInit: Command line: -EpicPortal 
LogInit: Base directory: E:/Spill Laging/Unreal/UE_4.17/Engine/Binaries/Win64/
LogInit: Installed Engine Build: 1
LogInit: Presizing for max 8388607 objects, including 0 objects not considered by GC, pre-allocating 0 bytes for permanent pool.
LogInit: Object subsystem initialized
[2017.10.03-18.14.27:659][  0]LogInit: Selected Device Profile: [Windows]
[2017.10.03-18.14.27:659][  0]LogInit: Applying CVar settings loaded from the selected device profile: [Windows]
[2017.10.03-18.14.27:664][  0]LogInit: Computer: DESKTOP-O07FQMH
[2017.10.03-18.14.27:664][  0]LogInit: User: janik
[2017.10.03-18.14.27:664][  0]LogInit: CPU Page size=4096, Cores=4
[2017.10.03-18.14.27:664][  0]LogInit: High frequency timer resolution =4.101562 MHz
[2017.10.03-18.14.27:664][  0]LogMemory: Memory total: Physical=15.9GB (16GB approx)
[2017.10.03-18.14.27:664][  0]LogMemory: Platform Memory Stats for Windows
[2017.10.03-18.14.27:664][  0]LogMemory: Process Physical Memory: 278.33 MB used, 278.33 MB peak
[2017.10.03-18.14.27:664][  0]LogMemory: Process Virtual Memory: 274.11 MB used, 274.11 MB peak
[2017.10.03-18.14.27:664][  0]LogMemory: Physical Memory: 9338.61 MB used,  6976.00 MB free, 16314.61 MB total
[2017.10.03-18.14.27:664][  0]LogMemory: Virtual Memory: 668.81 MB used,  6976.00 MB free, 134217728.00 MB total
[2017.10.03-18.14.28:067][  0]LogInit: Using OS detected language (nb-NO).
[2017.10.03-18.14.28:067][  0]LogInit: Using OS detected locale (nb-NO).
[2017.10.03-18.14.28:069][  0]LogTextLocalizationManager: No localization for 'nb-NO' exists, so 'en' will be used for the language.
[2017.10.03-18.14.28:069][  0]LogTextLocalizationManager: No localization for 'nb-NO' exists, so 'en' will be used for the locale.
[2017.10.03-18.14.28:602][  0]LogD3D11RHI: D3D11 adapters:
[2017.10.03-18.14.29:203][  0]LogD3D11RHI:    0. 'NVIDIA GeForce GTX 1080 Ti' (Feature Level 11_0)
[2017.10.03-18.14.29:204][  0]LogD3D11RHI:       11117/0/8157 MB DedicatedVideo/DedicatedSystem/SharedSystem, Outputs:1, VendorId:0x10de
[2017.10.03-18.14.29:205][  0]LogD3D11RHI:    1. 'Microsoft Basic Render Driver' (Feature Level 11_0)
[2017.10.03-18.14.29:205][  0]LogD3D11RHI:       0/0/8157 MB DedicatedVideo/DedicatedSystem/SharedSystem, Outputs:0, VendorId:0x1414
[2017.10.03-18.14.29:205][  0]LogD3D11RHI: Chosen D3D11 Adapter: 0
[2017.10.03-18.14.29:213][  0]LogD3D11RHI: Creating new Direct3DDevice
[2017.10.03-18.14.29:213][  0]LogD3D11RHI:     GPU DeviceId: 0x1b06 (for the marketing name, search the web for "GPU Device Id")
[2017.10.03-18.14.29:214][  0]LogWindows: EnumDisplayDevices:
[2017.10.03-18.14.29:214][  0]LogWindows:    0. 'NVIDIA GeForce GTX 1080 Ti' (P:1 D:1)
[2017.10.03-18.14.29:214][  0]LogWindows:    1. 'NVIDIA GeForce GTX 1080 Ti' (P:0 D:0)
[2017.10.03-18.14.29:214][  0]LogWindows:    2. 'NVIDIA GeForce GTX 1080 Ti' (P:0 D:0)
[2017.10.03-18.14.29:214][  0]LogWindows:    3. 'NVIDIA GeForce GTX 1080 Ti' (P:0 D:0)
[2017.10.03-18.14.29:214][  0]LogWindows: DebugString: FoundDriverCount:4 
[2017.10.03-18.14.29:214][  0]LogD3D11RHI:     Adapter Name: NVIDIA GeForce GTX 1080 Ti
[2017.10.03-18.14.29:214][  0]LogD3D11RHI:   Driver Version: 384.76 (internal:22.21.13.8476, unified:384.76)
[2017.10.03-18.14.29:214][  0]LogD3D11RHI:      Driver Date: 6-27-2017
[2017.10.03-18.14.29:214][  0]LogRHI: Texture pool is 1361 MB (70% of 1945 MB)
[2017.10.03-18.14.29:686][  0]LogD3D11RHI: Async texture creation enabled
[2017.10.03-18.14.29:717][  0]LogD3D11RHI: GPU Timing Frequency: 1000.000000 (Debug: 2 2)
[2017.10.03-18.14.29:782][  0]LogShaderCompilers: Guid format shader working directory is -25 characters bigger than the processId version (../../../../../GitHubUpload/escaperoomfirstproject/Project_Escape_room/Intermediate/Shaders/WorkingDirectory/15604/).
[2017.10.03-18.14.29:782][  0]LogShaderCompilers: Cleaned the shader compiler working directory 'C:/Users/janik/AppData/Local/Temp/UnrealShaderWorkingDir/F6B4739447025C1A26906FB00341DC42/'.
[2017.10.03-18.14.29:782][  0]LogShaderCompilers: Display: Using Local Shader Compiler.
[2017.10.03-18.14.30:525][  0]LogTemp: Display: Loaded TP AllDesktopTargetPlatform
[2017.10.03-18.14.30:557][  0]LogTemp: Display: Loaded TP MacClientTargetPlatform
[2017.10.03-18.14.30:582][  0]LogTemp: Display: Loaded TP MacNoEditorTargetPlatform
[2017.10.03-18.14.30:607][  0]LogTemp: Display: Loaded TP MacServerTargetPlatform
[2017.10.03-18.14.30:631][  0]LogTemp: Display: Loaded TP MacTargetPlatform
[2017.10.03-18.14.30:658][  0]LogTemp: Display: Loaded TP WindowsClientTargetPlatform
[2017.10.03-18.14.30:692][  0]LogTemp: Display: Loaded TP WindowsNoEditorTargetPlatform
[2017.10.03-18.14.30:719][  0]LogTemp: Display: Loaded TP WindowsServerTargetPlatform
[2017.10.03-18.14.30:738][  0]LogTemp: Display: Loaded TP WindowsTargetPlatform
[2017.10.03-18.14.30:762][  0]LogTemp: Display: Loaded TP AndroidTargetPlatform
[2017.10.03-18.14.30:787][  0]LogTemp: Display: Loaded TP Android_ASTCTargetPlatform
[2017.10.03-18.14.30:817][  0]LogTemp: Display: Loaded TP Android_ATCTargetPlatform
[2017.10.03-18.14.30:847][  0]LogTemp: Display: Loaded TP Android_DXTTargetPlatform
[2017.10.03-18.14.30:871][  0]LogTemp: Display: Loaded TP Android_ETC1TargetPlatform
[2017.10.03-18.14.30:894][  0]LogTemp: Display: Loaded TP Android_ETC2TargetPlatform
[2017.10.03-18.14.30:948][  0]LogTemp: Display: Loaded TP Android_MultiTargetPlatform
[2017.10.03-18.14.30:948][  0]LogTemp: Display: Loaded TP Android_PVRTCTargetPlatform
[2017.10.03-18.14.30:970][  0]LogTemp: Display: Loaded TP HTML5TargetPlatform
[2017.10.03-18.14.31:025][  0]LogTemp: Display: Loaded TP IOSTargetPlatform
[2017.10.03-18.14.31:043][  0]LogTemp: Display: Loaded TP TVOSTargetPlatform
[2017.10.03-18.14.31:077][  0]LogTemp: Display: Loaded TP LinuxClientTargetPlatform
[2017.10.03-18.14.31:110][  0]LogTemp: Display: Loaded TP LinuxNoEditorTargetPlatform
[2017.10.03-18.14.31:134][  0]LogTemp: Display: Loaded TP LinuxServerTargetPlatform
[2017.10.03-18.14.31:159][  0]LogTemp: Display: Loaded TP LinuxTargetPlatform
[2017.10.03-18.14.31:159][  0]LogTargetPlatformManager: Display: Building Assets For Windows
[2017.10.03-18.14.31:413][  0]LogDerivedDataCache: Display: Max Cache Size: 512 MB
[2017.10.03-18.14.31:517][  0]LogDerivedDataCache: Loaded boot cache 0.10s 93MB C:/Users/janik/AppData/Local/UnrealEngine/4.17/DerivedDataCache/Boot.ddc.
[2017.10.03-18.14.31:517][  0]LogDerivedDataCache: Display: Loaded Boot cache: C:/Users/janik/AppData/Local/UnrealEngine/4.17/DerivedDataCache/Boot.ddc
[2017.10.03-18.14.31:517][  0]LogDerivedDataCache: FDerivedDataBackendGraph:  Pak pak cache file ../../../../../GitHubUpload/escaperoomfirstproject/Project_Escape_room/DerivedDataCache/DDC.ddp not found, will not use a pak cache.
[2017.10.03-18.14.31:517][  0]LogDerivedDataCache: Unable to find inner node Pak for hierarchical cache Hierarchy.
[2017.10.03-18.14.31:517][  0]LogDerivedDataCache: FDerivedDataBackendGraph:  CompressedPak pak cache file ../../../../../GitHubUpload/escaperoomfirstproject/Project_Escape_room/DerivedDataCache/Compressed.ddp not found, will not use a pak cache.
[2017.10.03-18.14.31:517][  0]LogDerivedDataCache: Unable to find inner node CompressedPak for hierarchical cache Hierarchy.
[2017.10.03-18.14.31:529][  0]LogDerivedDataCache: Display: Pak cache opened for reading ../../../Engine/DerivedDataCache/Compressed.ddp.
[2017.10.03-18.14.31:541][  0]LogDerivedDataCache: Using Local data cache path C:/Users/janik/AppData/Local/UnrealEngine/Common/DerivedDataCache: Writable
[2017.10.03-18.14.31:549][  0]LogMaterial: Verifying Global Shaders for PCD3D_SM5
[2017.10.03-18.14.31:549][  0]LogSlate: Using Freetype 2.6.0
[2017.10.03-18.14.31:550][  0]LogSlate: SlateFontCache - WITH_FREETYPE: 1, WITH_HARFBUZZ: 1
[2017.10.03-18.14.31:550][  0]LogSlate: SlateFontCache - WITH_FREETYPE: 1, WITH_HARFBUZZ: 1
[2017.10.03-18.14.31:792][  0]LogAssetRegistry: FAssetRegistry took 0.0246 seconds to start up
[2017.10.03-18.14.31:892][  0]LogInit: Selected Device Profile: [Windows]
[2017.10.03-18.14.31:999][  0]LogContentStreaming: Texture pool size is 0.00 MB
[2017.10.03-18.14.32:189][  0]LogSimplygon: Simplygon DLL not present - disabling.
[2017.10.03-18.14.32:209][  0]LogMeshReduction: Using SimplygonSwarm for distributed automatic mesh merging
[2017.10.03-18.14.32:209][  0]LogMeshReduction: Using QuadricMeshReduction for automatic static mesh reduction
[2017.10.03-18.14.32:209][  0]LogMeshReduction: No automatic skeletal mesh reduction module available
[2017.10.03-18.14.32:209][  0]LogMeshReduction: No automatic mesh merging module available
[2017.10.03-18.14.32:209][  0]LogMeshMerging: No automatic mesh merging module available
[2017.10.03-18.14.32:473][  0]LogNetVersion: Project_Escape_room , NetCL: 3573198, EngineNetVer: 2, GameNetVer: 0 (Checksum: 4049283110)
[2017.10.03-18.14.32:621][  0]LogPackageLocalizationCache: Processed 5 localized package path(s) for 1 prioritized culture(s) in 0.013252 seconds
[2017.10.03-18.14.32:629][  0]LogUObjectArray: 35825 objects as part of root set at end of initial load.
[2017.10.03-18.14.32:629][  0]LogUObjectAllocator: 7529104 out of 0 bytes used by permanent object pool.
[2017.10.03-18.14.32:629][  0]LogUObjectArray: CloseDisregardForGC: 0/0 objects in disregard for GC pool
[2017.10.03-18.14.32:674][  0]LogInit: WinSock: version 1.1 (2.2), MaxSocks=32767, MaxUdp=65467
[2017.10.03-18.14.34:634][  0]LogTcpMessaging: Initializing TcpMessaging bridge
[2017.10.03-18.14.34:664][  0]LogUdpMessaging: Initializing bridge on interface 0.0.0.0:0 to multicast group 230.0.0.1:6666.
[2017.10.03-18.14.35:043][  0]LogMaterial: Uniform references updated for custom material expression Custom.
[2017.10.03-18.14.35:276][  0]SourceControl: Source control is disabled
[2017.10.03-18.14.35:277][  0]SourceControl: Source control is disabled
[2017.10.03-18.14.35:299][  0]SourceControl: Source control is disabled
[2017.10.03-18.14.35:322][  0]SourceControl: Source control is disabled
[2017.10.03-18.14.35:618][  0]LogAndroidPermission: UAndroidPermissionCallbackProxy::GetInstance
[2017.10.03-18.14.35:723][  0]LogOcInput: OculusInput pre-init called
[2017.10.03-18.14.35:859][  0]LogEngine: Initializing Engine...
[2017.10.03-18.14.35:861][  0]LogHMD: Failed to initialize OpenVR with code 110
[2017.10.03-18.14.36:042][  0]LogStats: UGameplayTagsManager::ConstructGameplayTagTree: Construct from data asset -  0.000 s
[2017.10.03-18.14.36:042][  0]LogStats: UGameplayTagsManager::ConstructGameplayTagTree: GameplayTagTreeChangedEvent.Broadcast -  0.000 s
[2017.10.03-18.14.36:109][  0]LogAIModule: Creating AISystem for world Untitled
[2017.10.03-18.14.36:122][  0]LogInit: XAudio2 using 'Høyttalere (USB Headphone Set)' : 2 channels at 48 kHz using 16 bits per sample (channel mask 0x3)
[2017.10.03-18.14.36:133][  0]LogInit: FAudioDevice initialized.
[2017.10.03-18.14.36:216][  0]LogDerivedDataCache: Saved boot cache 0.08s 93MB C:/Users/janik/AppData/Local/UnrealEngine/4.17/DerivedDataCache/Boot.ddc.
[2017.10.03-18.14.36:230][  0]LogInit: Texture streaming: Enabled
[2017.10.03-18.14.36:302][  0]LogEngineSessionManager: EngineSessionManager initialized
[2017.10.03-18.14.36:411][  0]LogInit: Transaction tracking system initialized
[2017.10.03-18.14.36:552][  0]BlueprintLog: New page: Editor Load
[2017.10.03-18.14.36:990][  0]LocalizationService: Localization service is disabled
[2017.10.03-18.14.37:353][  0]LogConsoleResponse: Display: 
[2017.10.03-18.14.37:476][  0]LogFileCache: Scanning file cache for directory 'E:/Spill Laging/GitHubUpload/escaperoomfirstproject/Project_Escape_room/Content/' took 0.01s
[2017.10.03-18.14.37:476][  0]LogCook: Display: Max memory allowance for cook 16384mb min free memory 0mb
[2017.10.03-18.14.37:476][  0]LogCook: Display: Mobile HDR setting 1
[2017.10.03-18.14.37:476][  0]LogGameplayTags: Display: UGameplayTagsManager::DoneAddingNativeTags. DelegateIsBound: 0
[2017.10.03-18.14.37:992][  0]SourceControl: Source control is disabled
[2017.10.03-18.14.37:992][  0]Cmd: MAP LOAD FILE="../../../Engine/Content/Maps/Templates/Template_Default.umap" TEMPLATE=1 SHOWPROGRESS=1 FEATURELEVEL=3
[2017.10.03-18.14.37:992][  0]LightingResults: New page: Lighting Build
[2017.10.03-18.14.38:014][  0]MapCheck: New page: Map Check
[2017.10.03-18.14.38:014][  0]LightingResults: New page: Lighting Build
[2017.10.03-18.14.38:143][  0]LogAIModule: Creating AISystem for world Untitled_1
[2017.10.03-18.14.38:146][  0]LogEditorServer: Finished looking for orphan Actors (0.000 secs)
[2017.10.03-18.14.38:154][  0]Cmd: MAP CHECKDEP NOCLEARLOG
[2017.10.03-18.14.38:176][  0]MapCheck: Map check complete: 0 Error(s), 0 Warning(s), took 21.504ms to complete.
[2017.10.03-18.14.38:176][  0]LogFileHelpers: Loading map 'Template_Default' took 0.184
[2017.10.03-18.14.38:292][  0]LogCollectionManager: Loaded 0 collections in 0.000503 seconds
[2017.10.03-18.14.38:350][  0]LogFileCache: Scanning file cache for directory 'E:/Spill Laging/GitHubUpload/escaperoomfirstproject/Project_Escape_room/Saved/Collections/' took 0.01s
[2017.10.03-18.14.38:350][  0]LogFileCache: Scanning file cache for directory 'E:/Spill Laging/GitHubUpload/escaperoomfirstproject/Project_Escape_room/Content/Developers/janik/Collections/' took 0.01s
[2017.10.03-18.14.38:350][  0]LogFileCache: Scanning file cache for directory 'E:/Spill Laging/GitHubUpload/escaperoomfirstproject/Project_Escape_room/Content/Collections/' took 0.01s
[2017.10.03-18.14.38:350][  0]LogCollectionManager: Rebuilt the GUID cache for 0 collections in 0.000001 seconds
[2017.10.03-18.14.38:358][  0]LogContentBrowser: Native class hierarchy populated in 0.0079 seconds. Added 2387 classes and 502 folders.
[2017.10.03-18.14.38:399][  0]LogContentBrowser: Native class hierarchy updated for 'WidgetCarousel' in 0.0008 seconds. Added 0 classes and 0 folders.
[2017.10.03-18.14.38:423][  0]LogContentBrowser: Native class hierarchy updated for 'AddContentDialog' in 0.0009 seconds. Added 0 classes and 0 folders.
[2017.10.03-18.14.38:443][  0]LogContentBrowser: Native class hierarchy updated for 'SceneOutliner' in 0.0007 seconds. Added 1 classes and 2 folders.
[2017.10.03-18.14.38:457][  0]LogSlate: Took 0.000218 seconds to synchronously load lazily loaded font '../../../Engine/Content/Slate/Fonts/Roboto-Regular.ttf' (155K)
[2017.10.03-18.14.38:459][  0]LogSlate: Took 0.000208 seconds to synchronously load lazily loaded font '../../../Engine/Content/Slate/Fonts/Roboto-Bold.ttf' (160K)
[2017.10.03-18.14.38:466][  0]LogSlate: Took 0.000209 seconds to synchronously load lazily loaded font '../../../Engine/Content/Editor/Slate/Fonts/FontAwesome.ttf' (139K)
[2017.10.03-18.14.38:551][  0]LogRenderer: Reallocating scene render targets to support 1384x812 Format 10 NumSamples 1 (Frame:1).
[2017.10.03-18.14.38:676][  0]LogContentBrowser: Native class hierarchy updated for 'HierarchicalLODOutliner' in 0.0008 seconds. Added 1 classes and 2 folders.
[2017.10.03-18.14.38:676][  0]LogLoad: (Engine Initialization) Total time: 12.21 seconds
[2017.10.03-18.14.38:676][  0]LogLoad: (Engine Initialization) Total Blueprint compile time: 0.00 seconds
[2017.10.03-18.14.38:676][  0]LogExternalProfiler: No external profilers were discovered.  External profiling features will not be available.
[2017.10.03-18.14.39:030][  0]LogAssetRegistry: Asset discovery search completed in 7.2594 seconds
[2017.10.03-18.14.39:032][  0]LogCollectionManager: Rebuilt the object cache for 0 collections in 0.000000 seconds (found 0 objects)
[2017.10.03-18.14.39:032][  0]LogCollectionManager: Fixed up redirectors for 0 collections in 0.000048 seconds (updated 0 objects)
[2017.10.03-18.14.39:034][  0]LogContentStreaming: Texture pool size now 1000 MB
[2017.10.03-18.14.39:105][  1]LogRenderer: Reallocating scene render targets to support 1384x828 Format 10 NumSamples 1 (Frame:3).
[2017.10.03-18.17.58:824][ 23]LogEditorViewport: Clicking on Actor (LMB): StaticMeshActor (Floor)
[2017.10.03-18.18.11:804][201]LogEditorViewport: Clicking on Actor (LMB): BP_Sky_Sphere_C (Sky Sphere)
[2017.10.03-18.18.15:166][539]LogEditorViewport: Clicking on Actor (LMB): StaticMeshActor (Floor)
[2017.10.03-18.23.39:046][134]LogHttp: Warning: 0000028E0928BB80: request failed, libcurl error: 0 (No error)
[2017.10.03-18.23.39:046][134]LogHttp: Warning: 0000028E0928BB80: libcurl info message cache 0 (Connection 1 seems to be dead!)
[2017.10.03-18.23.39:046][134]LogHttp: Warning: 0000028E0928BB80: libcurl info message cache 1 (Closing connection 1)
[2017.10.03-18.23.39:046][134]LogHttp: Warning: 0000028E0928BB80: libcurl info message cache 2 (TLSv1.2 (OUT), TLS alert, Client hello (1):)
[2017.10.03-18.23.39:046][134]LogHttp: Warning: 0000028E0928BB80: libcurl info message cache 3 (  Trying 34.230.152.110...)
[2017.10.03-18.23.39:046][134]LogHttp: Warning: 0000028E0928BB80: libcurl info message cache 4 (Connected to datarouter.ol.epicgames.com (34.230.152.110) port 443 (#2))
[2017.10.03-18.23.39:046][134]LogHttp: Warning: 0000028E0928BB80: libcurl info message cache 5 (ALPN, offering http/1.1)
[2017.10.03-18.23.39:046][134]LogHttp: Warning: 0000028E0928BB80: libcurl info message cache 6 (Cipher selection: ALL:!EXPORT:!EXPORT40:!EXPORT56:!aNULL:!LOW:!RC4:@STRENGTH)
[2017.10.03-18.23.39:046][134]LogHttp: Warning: 0000028E0928BB80: libcurl info message cache 7 (SSL re-using session ID)
[2017.10.03-18.23.39:046][134]LogHttp: Warning: 0000028E0928BB80: libcurl info message cache 8 (TLSv1.2 (OUT), TLS handshake, Client hello (1):)
[2017.10.03-18.23.39:046][134]LogHttp: Warning: 0000028E0928BB80: libcurl info message cache 9 (TLSv1.2 (IN), TLS handshake, Server hello (2):)
[2017.10.03-18.23.39:046][134]LogHttp: Warning: 0000028E0928BB80: libcurl info message cache 10 (Closing connection 2)
[2017.10.03-18.24.07:873][932]SourceControl: Error: Failed to enable Git source control. You need to install Git and specify a valid path to git executable.
[2017.10.03-18.24.31:610][522]SourceControl: Error: Failed to enable Git source control. You need to install Git and specify a valid path to git executable.
[2017.10.03-18.24.49:046][614]SourceControl: Error: Failed to enable Git source control. You need to install Git and specify a valid path to git executable.
[2017.10.03-18.24.55:631][366]SourceControl: Error: Failed to enable Git source control. You need to install Git and specify a valid path to git executable.
[2017.10.03-18.25.56:531][590]LogEditorViewport: Clicking on Actor (LMB): BP_Sky_Sphere_C (Sky Sphere)
[2017.10.03-18.26.20:388][383]LogTemp: Repeating last play command: Selected Viewport
[2017.10.03-18.26.20:396][383]LogPlayLevel: PlayLevel: No blueprints needed recompiling
[2017.10.03-18.26.20:396][383]PIE: New page: PIE session: Untitled_1 (Oct 3, 2017, 10:26:20 PM)
[2017.10.03-18.26.20:396][383]LogPlayLevel: Creating play world package: /Temp/UEDPIE_0_Untitled_1
[2017.10.03-18.26.20:398][383]LogPlayLevel: PIE: StaticDuplicateObject took: (0.001899s)
[2017.10.03-18.26.20:399][383]LogAIModule: Creating AISystem for world Untitled_1
[2017.10.03-18.26.20:399][383]LogPlayLevel: PIE: World Init took: (0.000859s)
[2017.10.03-18.26.20:400][383]LogPlayLevel: PIE: Created PIE world by copying editor world from /Temp/Untitled_1.Untitled_1 to /Temp/UEDPIE_0_Untitled_1.Untitled_1 (0.003151s)
[2017.10.03-18.26.20:437][383]LogInit: XAudio2 using 'Høyttalere (USB Headphone Set)' : 2 channels at 48 kHz using 16 bits per sample (channel mask 0x3)
[2017.10.03-18.26.20:443][383]LogInit: FAudioDevice initialized.
[2017.10.03-18.26.20:488][383]LogLoad: Game class is 'GameModeBase'
[2017.10.03-18.26.20:491][383]LogWorld: Bringing World /Temp/UEDPIE_0_Untitled_1.Untitled_1 up for play (max tick rate 0) at 2017.10.03-20.26.20
[2017.10.03-18.26.20:491][383]LogWorld: Bringing up level for play took: 0.001486
[2017.10.03-18.26.20:516][383]LogContentBrowser: Native class hierarchy updated for 'MovieSceneCapture' in 0.0008 seconds. Added 11 classes and 0 folders.
[2017.10.03-18.26.20:517][383]PIE: Play in editor start time for /Temp/UEDPIE_0_Untitled_1 0.602
[2017.10.03-18.27.41:753][179]LogEditorViewport: Clicking on Actor (LMB): AtmosphericFog (Atmospheric Fog)
[2017.10.03-18.28.12:947][767]SourceControl: Error: Failed to enable Git source control. You need to install Git and specify a valid path to git executable.
[2017.10.03-18.28.39:191][179]LogHttp: Warning: 0000028E156AC580: request failed, libcurl error: 0 (No error)
[2017.10.03-18.28.39:191][179]LogHttp: Warning: 0000028E156AC580: libcurl info message cache 0 (Connection 3 seems to be dead!)
[2017.10.03-18.28.39:191][179]LogHttp: Warning: 0000028E156AC580: libcurl info message cache 1 (Closing connection 3)
[2017.10.03-18.28.39:191][179]LogHttp: Warning: 0000028E156AC580: libcurl info message cache 2 (TLSv1.2 (OUT), TLS alert, Client hello (1):)
[2017.10.03-18.28.39:191][179]LogHttp: Warning: 0000028E156AC580: libcurl info message cache 3 (  Trying 34.230.152.110...)
[2017.10.03-18.28.39:191][179]LogHttp: Warning: 0000028E156AC580: libcurl info message cache 4 (Connected to datarouter.ol.epicgames.com (34.230.152.110) port 443 (#4))
[2017.10.03-18.28.39:191][179]LogHttp: Warning: 0000028E156AC580: libcurl info message cache 5 (ALPN, offering http/1.1)
[2017.10.03-18.28.39:191][179]LogHttp: Warning: 0000028E156AC580: libcurl info message cache 6 (Cipher selection: ALL:!EXPORT:!EXPORT40:!EXPORT56:!aNULL:!LOW:!RC4:@STRENGTH)
[2017.10.03-18.28.39:191][179]LogHttp: Warning: 0000028E156AC580: libcurl info message cache 7 (SSL re-using session ID)
[2017.10.03-18.28.39:191][179]LogHttp: Warning: 0000028E156AC580: libcurl info message cache 8 (TLSv1.2 (OUT), TLS handshake, Client hello (1):)
[2017.10.03-18.28.39:191][179]LogHttp: Warning: 0000028E156AC580: libcurl info message cache 9 (Closing connection 4)
[2017.10.03-18.28.47:886][722]SourceControl: Error: Failed to enable Git source control. You need to install Git and specify a valid path to git executable.
[2017.10.03-18.29.08:083][324]LogSlate: Took 0.000180 seconds to synchronously load lazily loaded font '../../../Engine/Content/Slate/Fonts/Roboto-Light.ttf' (159K)
[2017.10.03-18.29.17:062][351]LogSlate: Took 0.000185 seconds to synchronously load lazily loaded font '../../../Engine/Content/Slate/Fonts/Roboto-Light.ttf' (159K)
[2017.10.03-18.29.17:150][351]LogSavePackage: Save=28.89ms
[2017.10.03-18.29.17:150][351]LogSavePackage: Moving '../../../../../GitHubUpload/escaperoomfirstproject/Project_Escape_room/Saved/Untitled_1_Auto114D691294D6A69F0217A7FB673D985E0.tmp' to '../../../../../GitHubUpload/escaperoomfirstproject/Project_Escape_room/Saved/Autosaves/Temp/Untitled_1_Auto1.umap'
[2017.10.03-18.29.17:150][351]LogSavePackage: Display: Finished SavePackage ../../../../../GitHubUpload/escaperoomfirstproject/Project_Escape_room/Saved/Autosaves/Temp/Untitled_1_Auto1.umap
[2017.10.03-18.29.17:172][351]LogFileHelpers: Editor autosave (incl. sublevels) for '/Temp/Untitled_1' took 0.095
[2017.10.03-18.29.17:172][351]LogFileHelpers: Editor autosave (incl. sublevels) for all levels took 0.095
[2017.10.03-18.29.27:104][ 19]SourceControl: Error: Failed to enable Git source control. You need to install Git and specify a valid path to git executable.
[2017.10.03-18.30.23:594][493]LogEditorViewport: Clicking on Actor (LMB): BP_Sky_Sphere_C (Sky Sphere)
[2017.10.03-18.30.26:098][780]SourceControl: Source control is disabled
[2017.10.03-18.31.39:154][820]LogHttp: Warning: 0000028E4AC5B880: request failed, libcurl error: 0 (No error)
[2017.10.03-18.31.39:155][820]LogHttp: Warning: 0000028E4AC5B880: libcurl info message cache 0 (Connection 5 seems to be dead!)
[2017.10.03-18.31.39:155][820]LogHttp: Warning: 0000028E4AC5B880: libcurl info message cache 1 (Closing connection 5)
[2017.10.03-18.31.39:155][820]LogHttp: Warning: 0000028E4AC5B880: libcurl info message cache 2 (TLSv1.2 (OUT), TLS alert, Client hello (1):)
[2017.10.03-18.31.39:155][820]LogHttp: Warning: 0000028E4AC5B880: libcurl info message cache 3 (Found bundle for host datarouter.ol.epicgames.com: 0x28e28987fb8 [can pipeline])
[2017.10.03-18.31.39:155][820]LogHttp: Warning: 0000028E4AC5B880: libcurl info message cache 4 (  Trying 34.230.152.110...)
[2017.10.03-18.31.39:155][820]LogHttp: Warning: 0000028E4AC5B880: libcurl info message cache 5 (Connected to datarouter.ol.epicgames.com (34.230.152.110) port 443 (#6))
[2017.10.03-18.31.39:155][820]LogHttp: Warning: 0000028E4AC5B880: libcurl info message cache 6 (ALPN, offering http/1.1)
[2017.10.03-18.31.39:155][820]LogHttp: Warning: 0000028E4AC5B880: libcurl info message cache 7 (Cipher selection: ALL:!EXPORT:!EXPORT40:!EXPORT56:!aNULL:!LOW:!RC4:@STRENGTH)
[2017.10.03-18.31.39:155][820]LogHttp: Warning: 0000028E4AC5B880: libcurl info message cache 8 (SSL re-using session ID)
[2017.10.03-18.31.39:155][820]LogHttp: Warning: 0000028E4AC5B880: libcurl info message cache 9 (TLSv1.2 (OUT), TLS handshake, Client hello (1):)
[2017.10.03-18.31.39:155][820]LogHttp: Warning: 0000028E4AC5B880: libcurl info message cache 10 (TLSv1.2 (IN), TLS handshake, Server hello (2):)
[2017.10.03-18.31.39:155][820]LogHttp: Warning: 0000028E4AC5B880: libcurl info message cache 11 (Closing connection 6)
